Arguments: 
  C:\Program Files\nodejs\node.exe C:\Users\hlvieira\AppData\Roaming\npm\node_modules\yarn\bin\yarn.js install -i

PATH: 
  C:\Program Files\Python3_10\Scripts\;C:\Program Files\Python3_10\;C:\Users\hlvieira\AppData\Local\Programs\Python\Python39\Scripts\;C:\Users\hlvieira\AppData\Local\Programs\Python\Python39\;C:\Program Files\Python39\Scripts\;C:\Program Files\Python39\;C:\ProgramData\Oracle\Java\javapath;C:\DevSuiteHome_1\jdk\jre\bin\classic;C:\DevSuiteHome_1\jdk\jre\bin;C:\DevSuiteHome_1\jdk\jre\bin\client;C:\DevSuiteHome_1\jlib;C:\DevSuiteHome_1\bin;C:\DevSuiteHome_1\jre\1.4.2\bin\client;C:\DevSuiteHome_1\jre\1.4.2\bin;C:\Program Files (x86)\Common Files\Oracle\Java\javapath;C:\orant\bin;C:\ORA_CLI_9I\bin;C:\Program Files (x86)\Oracle\jre\1.3.1\bin;C:\Program Files (x86)\Oracle\jre\1.1.8\bin;C:\WINDOWS\system32;C:\WINDOWS;C:\WINDOWS\System32\Wbem;C:\WINDOWS\System32\WindowsPowerShell\v1.0\;C:\WINDOWS\System32\OpenSSH\;C:\orant\jdk\bin;C:\WINDOWS\system32;C:\WINDOWS;C:\WINDOWS\System32\Wbem;C:\WINDOWS\System32\WindowsPowerShell\v1.0\;C:\WINDOWS\System32\OpenSSH\;C:\Program Files\nodejs\;C:\Users\hlvieira\AppData\Local\Microsoft\WindowsApps;;C:\Users\hlvieira\AppData\Local\Programs\Microsoft VS Code\bin;C:\Users\hlvieira\AppData\Roaming\npm

Yarn version: 
  1.22.17

Node version: 
  16.13.1

Platform: 
  win32 x64

Trace: 
  Error: self signed certificate in certificate chain
      at TLSSocket.onConnectSecure (node:_tls_wrap:1530:34)
      at TLSSocket.emit (node:events:390:28)
      at TLSSocket._finishInit (node:_tls_wrap:944:8)
      at TLSWrap.ssl.onhandshakedone (node:_tls_wrap:725:12)

npm manifest: 
  {
    "name": "Node-URL-Shortener",
    "version": "1.0.0",
    "description": "URL Shortener criado em Node.js e Typescript",
    "main": "./dist/app.js",
    "author": "Henrique Lopes Vieira",
    "license": "MIT",
    "scripts": {
      "start": "node ./",
      "test": "jest",
      "test:functional": "jest --projects ./test --runInBand",
      "test:unit": "jest --projects ./src --runInBand",
      "test:start": "yarn test && yarn start",
      "start:local": "ts-node-dev --respawn --transpile-only --ignore-watch node_modules src/app.ts | pino-pretty -c",
      "build": "tsc -p .",
      "deploy": "yarn build && yarn start",
      "lint": "eslint ./src --ext .ts",
      "lint:fix": "eslint ./src --ext .ts --fix",
      "style:check": "prettier --check src/**/*.ts",
      "style:fix": "prettier --write src/**/*.ts",
      "dev": "ts-node-dev --respawn --transpile-only --ignore-watch node_modules --no-notify src/app.ts | pino-pretty -c"
    },
    "devDependencies": {
      "@types/config": "^0.0.41",
      "@types/cors": "^2.8.12",
      "@types/express": "^4.17.13",
      "@types/express-pino-logger": "^4.0.3",
      "@types/jest": "^27.4.0",
      "@types/mongoose": "^5.11.97",
      "@types/node": "^17.0.7",
      "@types/pino": "^7.0.5",
      "@types/shortid": "^0.0.29",
      "@types/supertest": "^2.0.11",
      "@typescript-eslint/eslint-plugin": "^5.9.1",
      "@typescript-eslint/parser": "^5.9.1",
      "eslint": "^8.6.0",
      "jest": "^27.4.7",
      "pino-pretty": "^7.5.1",
      "prettier": "^2.5.1",
      "supertest": "^6.2.1",
      "ts-jest": "^27.1.2",
      "ts-node-dev": "^1.1.8",
      "typescript": "^4.5.4"
    },
    "dependencies": {
      "@types/dotenv": "^8.2.0",
      "config": "^3.3.7",
      "cors": "^2.8.5",
      "dayjs": "^1.10.7",
      "dotenv": "^10.0.0",
      "express": "^4.17.2",
      "express-pino-logger": "^7.0.0",
      "http-status-codes": "^2.2.0",
      "jsonwebtoken": "^8.5.1",
      "mongoose": "^6.2.0",
      "pino": "^7.6.4",
      "shortid": "^2.2.16",
      "ts-dotenv": "^0.8.3",
      "uuid": "^8.3.2"
    }
  }

yarn manifest: 
  No manifest

Lockfile: 
  No lockfile
